<?xml version="1.0" encoding="UTF-8"?>
<!-- Generated by org.testng.reporters.JUnitReportReporter -->
<testsuite skipped="0" hostname="RISKCON-PC" name="com.dataProvider" tests="3" failures="0" timestamp="03 Apr 2019 17:12:39 GMT" time="10.203" errors="0">
  <testcase name="testMethod" time="3.460" classname="com.dataProvider"/>
  <testcase name="testMethod" time="3.337" classname="com.dataProvider"/>
  <testcase name="testMethod" time="3.406" classname="com.dataProvider"/>
</testsuite> <!-- com.dataProvider -->
